<?xml version="1.0" encoding="UTF-8"?>
<!-- Generated by org.testng.reporters.JUnitXMLReporter -->
<testsuite ignored="0" hostname="LAPTOP-G4LEVCJ3" failures="0" tests="6" name="Command line test" time="0.026" errors="0" timestamp="2021-09-04T08:33:28 IST">
  <testcase classname="MavenAutomation.AppiumTest" name="Android" time="0.002"/>
  <testcase classname="MavenAutomation.AppiumTest" name="IOS" time="0.0"/>
  <testcase classname="MavenAutomation.RestAPITest" name="delete" time="0.001"/>
  <testcase classname="MavenAutomation.RestAPITest" name="post" time="0.0"/>
  <testcase classname="MavenAutomation.SeleniumAutomationTest" name="browserAutomation" time="0.001"/>
  <testcase classname="MavenAutomation.SeleniumAutomationTest" name="elementsUI" time="0.0"/>
</testsuite> <!-- Command line test -->
