<?xml version="1.0" encoding="UTF-8" ?>
<testsuite tests="6" failures="0" name="TestSuite" time="0.004" errors="0" skipped="0">
  <properties>
[...]
</properties>
  <testcase classname="MavenAutomation.AppiumTest" name="Android" time="0.003"/>
  <testcase classname="MavenAutomation.AppiumTest" name="IOS" time="0"/>
  <testcase classname="MavenAutomation.RestAPITest" name="delete" time="0.001"/>
  <testcase classname="MavenAutomation.RestAPITest" name="post" time="0"/>
  <testcase classname="MavenAutomation.SeleniumAutomationTest" name="browserAutomation" time="0"/>
  <testcase classname="MavenAutomation.SeleniumAutomationTest" name="elementsUI" time="0"/>
</testsuite>