<?xml version="1.0" encoding="UTF-8"?>
<testsuite xmlns:xsi="http://www.w3.org/2001/XMLSchema-instance" xsi:noNamespaceSchemaLocation="https://maven.apache.org/surefire/maven-surefire-plugin/xsd/surefire-test-report-3.0.xsd" version="3.0" name="MavenAutomation.AppiumTest" time="0.283" tests="2" errors="0" skipped="0" failures="0">
  <properties>
[...]
</properties>
  <testcase name="Android" classname="MavenAutomation.AppiumTest" time="0.004">
    <system-out><![CDATA[Android
]]></system-out>
  </testcase>
  <testcase name="IOS" classname="MavenAutomation.AppiumTest" time="0.001">
    <system-out><![CDATA[IOS
]]></system-out>
  </testcase>
</testsuite>