<?xml version="1.0" encoding="UTF-8"?>
<testng-results ignored="0" total="6" passed="6" failed="0" skipped="0">
  <reporter-output>
  </reporter-output>
  <suite started-at="2021-09-04T08:33:27 IST" name="Command line suite" finished-at="2021-09-04T08:33:28 IST" duration-ms="26">
    <groups>
    </groups>
    <test started-at="2021-09-04T08:33:27 IST" name="Command line test" finished-at="2021-09-04T08:33:28 IST" duration-ms="26">
      <class name="MavenAutomation.SeleniumAutomationTest">
        <test-method signature="browserAutomation()[pri:0, instance:MavenAutomation.SeleniumAutomationTest@41d477ed]" started-at="2021-09-04T08:33:28 IST" name="browserAutomation" finished-at="2021-09-04T08:33:28 IST" duration-ms="1" status="PASS">
          <reporter-output>
          </reporter-output>
        </test-method> <!-- browserAutomation -->
        <test-method signature="elementsUI()[pri:0, instance:MavenAutomation.SeleniumAutomationTest@41d477ed]" started-at="2021-09-04T08:33:28 IST" name="elementsUI" finished-at="2021-09-04T08:33:28 IST" duration-ms="0" status="PASS">
          <reporter-output>
          </reporter-output>
        </test-method> <!-- elementsUI -->
      </class> <!-- MavenAutomation.SeleniumAutomationTest -->
      <class name="MavenAutomation.AppiumTest">
        <test-method signature="Android()[pri:0, instance:MavenAutomation.AppiumTest@564fabc8]" started-at="2021-09-04T08:33:27 IST" name="Android" finished-at="2021-09-04T08:33:28 IST" duration-ms="2" status="PASS">
          <reporter-output>
          </reporter-output>
        </test-method> <!-- Android -->
        <test-method signature="IOS()[pri:0, instance:MavenAutomation.AppiumTest@564fabc8]" started-at="2021-09-04T08:33:28 IST" name="IOS" finished-at="2021-09-04T08:33:28 IST" duration-ms="0" status="PASS">
          <reporter-output>
          </reporter-output>
        </test-method> <!-- IOS -->
      </class> <!-- MavenAutomation.AppiumTest -->
      <class name="MavenAutomation.RestAPITest">
        <test-method signature="delete()[pri:0, instance:MavenAutomation.RestAPITest@78691363]" started-at="2021-09-04T08:33:28 IST" name="delete" finished-at="2021-09-04T08:33:28 IST" duration-ms="1" status="PASS">
          <reporter-output>
          </reporter-output>
        </test-method> <!-- delete -->
        <test-method signature="post()[pri:0, instance:MavenAutomation.RestAPITest@78691363]" started-at="2021-09-04T08:33:28 IST" name="post" finished-at="2021-09-04T08:33:28 IST" duration-ms="0" status="PASS">
          <reporter-output>
          </reporter-output>
        </test-method> <!-- post -->
      </class> <!-- MavenAutomation.RestAPITest -->
    </test> <!-- Command line test -->
  </suite> <!-- Command line suite -->
</testng-results>
