<?xml version="1.0" encoding="UTF-8"?>
<testng-results ignored="0" total="2" passed="2" failed="0" skipped="0">
  <reporter-output>
  </reporter-output>
  <suite started-at="2021-09-04T08:29:58 IST" name="Default suite" finished-at="2021-09-04T08:29:58 IST" duration-ms="30">
    <groups>
    </groups>
    <test started-at="2021-09-04T08:29:58 IST" name="Default test" finished-at="2021-09-04T08:29:58 IST" duration-ms="30">
      <class name="MavenAutomation.RestAPITest">
        <test-method signature="delete()[pri:0, instance:MavenAutomation.RestAPITest@4bb33f74]" started-at="2021-09-04T08:29:58 IST" name="delete" finished-at="2021-09-04T08:29:58 IST" duration-ms="6" status="PASS">
          <reporter-output>
          </reporter-output>
        </test-method> <!-- delete -->
        <test-method signature="post()[pri:0, instance:MavenAutomation.RestAPITest@4bb33f74]" started-at="2021-09-04T08:29:58 IST" name="post" finished-at="2021-09-04T08:29:58 IST" duration-ms="0" status="PASS">
          <reporter-output>
          </reporter-output>
        </test-method> <!-- post -->
      </class> <!-- MavenAutomation.RestAPITest -->
    </test> <!-- Default test -->
  </suite> <!-- Default suite -->
</testng-results>
